{
  "stats": {
    "suites": 1,
    "tests": 6,
    "passes": 6,
    "pending": 0,
    "failures": 0,
    "start": "2020-11-18T09:49:52.151Z",
    "end": "2020-11-18T09:49:57.162Z",
    "duration": 5011,
    "testsRegistered": 6,
    "passPercent": 100,
    "pendingPercent": 0,
    "other": 0,
    "hasOther": false,
    "skipped": 0,
    "hasSkipped": false
  },
  "results": [
    {
      "uuid": "1e22a45f-0c9e-4a55-8161-eaea2a06b570",
      "title": "",
      "fullFile": "cypress/integration/chso-backend-test.spec.js",
      "file": "cypress/integration/chso-backend-test.spec.js",
      "beforeHooks": [],
      "afterHooks": [],
      "tests": [],
      "suites": [
        {
          "uuid": "91cfa222-4179-4b19-bc53-5cac08dc008b",
          "title": "Testfall",
          "fullFile": "",
          "file": "",
          "beforeHooks": [],
          "afterHooks": [],
          "tests": [
            {
              "title": "New Room",
              "fullTitle": "Testfall New Room",
              "timedOut": null,
              "duration": 1131,
              "state": "passed",
              "speed": "slow",
              "pass": true,
              "fail": false,
              "pending": false,
              "context": null,
              "code": "roomHelper.NewRoom(cy, newroom);\nroomHelper.RoomCheck(cy, newroom.number, newroom.floor, newroom.available, newroom.price);",
              "err": {},
              "uuid": "792d3acf-ae43-4fc9-a83d-da97a650ba67",
              "parentUUID": "91cfa222-4179-4b19-bc53-5cac08dc008b",
              "isHook": false,
              "skipped": false
            },
            {
              "title": "Edit First Room",
              "fullTitle": "Testfall Edit First Room",
              "timedOut": null,
              "duration": 1062,
              "state": "passed",
              "speed": "slow",
              "pass": true,
              "fail": false,
              "pending": false,
              "context": null,
              "code": "var Editnewroom = roomHelper.createRandomRoom();\nroomHelper.EditFirstRoom(cy, Editnewroom);\nroomHelper.RoomCheck(cy, Editnewroom.number, Editnewroom.floor, Editnewroom.available, Editnewroom.price);",
              "err": {},
              "uuid": "1375975e-039d-410e-bdd8-1b9c04c97be2",
              "parentUUID": "91cfa222-4179-4b19-bc53-5cac08dc008b",
              "isHook": false,
              "skipped": false
            },
            {
              "title": "Delete Room",
              "fullTitle": "Testfall Delete Room",
              "timedOut": null,
              "duration": 46,
              "state": "passed",
              "speed": "medium",
              "pass": true,
              "fail": false,
              "pending": false,
              "context": null,
              "code": "roomHelper.deleteRoom(cy);",
              "err": {},
              "uuid": "6382c62a-ee9e-41b1-9fa6-d681c0c8bce9",
              "parentUUID": "91cfa222-4179-4b19-bc53-5cac08dc008b",
              "isHook": false,
              "skipped": false
            },
            {
              "title": "New Bill",
              "fullTitle": "Testfall New Bill",
              "timedOut": null,
              "duration": 1077,
              "state": "passed",
              "speed": "slow",
              "pass": true,
              "fail": false,
              "pending": false,
              "context": null,
              "code": "billHelper.NewBill(cy, newbill);\nbillHelper.billsCheck(cy, newbill.value, newbill.paid);",
              "err": {},
              "uuid": "86435dc0-d839-42e4-94cd-0b59a1067377",
              "parentUUID": "91cfa222-4179-4b19-bc53-5cac08dc008b",
              "isHook": false,
              "skipped": false
            },
            {
              "title": "Edit First Bill",
              "fullTitle": "Testfall Edit First Bill",
              "timedOut": null,
              "duration": 1056,
              "state": "passed",
              "speed": "slow",
              "pass": true,
              "fail": false,
              "pending": false,
              "context": null,
              "code": "var newBill = billHelper.createRandomBill();\nvar EditFirstBill = {\n  \"id\": 1,\n  \"created\": \"2020-01-07T12:00:00.000Z\",\n  \"value\": newBill.value,\n  \"paid\": newBill.paid\n};\nbillHelper.EditFirstBill(cy, EditFirstBill);\nbillHelper.billsCheck(cy, newBill.value, newBill.paid);",
              "err": {},
              "uuid": "dff06bd0-66b8-4ca2-a65c-271b03921a9d",
              "parentUUID": "91cfa222-4179-4b19-bc53-5cac08dc008b",
              "isHook": false,
              "skipped": false
            },
            {
              "title": "Delete Bill",
              "fullTitle": "Testfall Delete Bill",
              "timedOut": null,
              "duration": 576,
              "state": "passed",
              "speed": "slow",
              "pass": true,
              "fail": false,
              "pending": false,
              "context": null,
              "code": "billHelper.deleteBill(cy);\nbillHelper.billsCheckNotthere(cy, newbill.value);",
              "err": {},
              "uuid": "98749002-e7f1-4fbe-b9f3-55f2d8ecc713",
              "parentUUID": "91cfa222-4179-4b19-bc53-5cac08dc008b",
              "isHook": false,
              "skipped": false
            }
          ],
          "suites": [],
          "passes": [
            "792d3acf-ae43-4fc9-a83d-da97a650ba67",
            "1375975e-039d-410e-bdd8-1b9c04c97be2",
            "6382c62a-ee9e-41b1-9fa6-d681c0c8bce9",
            "86435dc0-d839-42e4-94cd-0b59a1067377",
            "dff06bd0-66b8-4ca2-a65c-271b03921a9d",
            "98749002-e7f1-4fbe-b9f3-55f2d8ecc713"
          ],
          "failures": [],
          "pending": [],
          "skipped": [],
          "duration": 4948,
          "root": false,
          "rootEmpty": false,
          "_timeout": 2000
        }
      ],
      "passes": [],
      "failures": [],
      "pending": [],
      "skipped": [],
      "duration": 0,
      "root": true,
      "rootEmpty": true,
      "_timeout": 2000
    }
  ],
  "meta": {
    "mocha": {
      "version": "7.0.1"
    },
    "mochawesome": {
      "options": {
        "quiet": false,
        "reportFilename": "mochawesome",
        "saveHtml": true,
        "saveJson": true,
        "consoleReporter": "spec",
        "useInlineDiffs": false,
        "code": true
      },
      "version": "6.1.1"
    },
    "marge": {
      "options": null,
      "version": "5.1.0"
    }
  }
}